[backblue.gif]
[fade.gif]
[index.html]
[cdn.myportfolio.com/924c4a71-7adc-42df-a245-31bd215f0b1c/bc8b9576-078b-443a-82e3-29480fcd9461_carw_1x1x32ebc5.png]
[cdn.myportfolio.com/924c4a71-7adc-42df-a245-31bd215f0b1c/12bc6d62-495a-4efb-a6fd-3a7f511a5051_carw_1x1x1806980.png]
[cdn.myportfolio.com/924c4a71-7adc-42df-a245-31bd215f0b1c/f7b02363-c4f9-4602-9ec3-f3a283cbb9a7_rwc_0x0x556x599x4096e40e.png]
[cdn.myportfolio.com/924c4a71-7adc-42df-a245-31bd215f0b1c/ac27b182-b14f-431c-81f5-0f36f6113307_rwc_3x0x556x600x40969f6c.png]
[use.typekit.net/ik/Kejd2GKDQ0QrcoNdGCqqA8GaunxGGotnD2Bb6P15uIqfeCXgfHYEBsJzwD9oFDIDWDZ8F29DjRM3Fc4RFQi8ZQFcZQqhjhZKwAmqwQjtZRIkFA9kwQiy52q-mkG0dW83da4XZcNC-Av0jhNlOfG0SY4zwKuh-AmaOcuoSeNkieZzde8zOcFzdPUlpWgzS1scdhUTdkoRdhXC]
[cdn.myportfolio.com/924c4a71-7adc-42df-a245-31bd215f0b1c/99c6f62b-5168-40e4-bd2e-ce88ebf4b0dd_rwc_0x0x1920x1440x3259c0.png]
[cdn.myportfolio.com/924c4a71-7adc-42df-a245-31bd215f0b1c/61126baf-cae4-4866-b8a7-af31bb4dcca3_rwc_205x0x1558x1169x3225b0.png]
[cdn.myportfolio.com/924c4a71-7adc-42df-a245-31bd215f0b1c/2060bad3-9945-404d-bac0-cf1b55e1fab4_rwc_0x0x1920x1440x32fbca.jpg]
[cdn.myportfolio.com/924c4a71-7adc-42df-a245-31bd215f0b1c/dce3e72e-466e-4475-b518-cfa75bd92dca_rwc_0x1422x1920x1440x324c45.jpg]
[cdn.myportfolio.com/924c4a71-7adc-42df-a245-31bd215f0b1c/e947f67c-956a-433b-beb3-cf474801813b_rwc_220x0x1466x1100x32fa62.jpg]
[cdn.myportfolio.com/924c4a71-7adc-42df-a245-31bd215f0b1c/40633fbc-e5ec-4b2c-b197-2bedb68f7975_rwc_246x0x1466x1100x32afe8.jpg]
[cdn.myportfolio.com/924c4a71-7adc-42df-a245-31bd215f0b1c/64ab529f-9c69-44cd-bfd1-e3477985d6ca_rwc_0x0x1920x1440x32ae93.jpg]
[cdn.myportfolio.com/924c4a71-7adc-42df-a245-31bd215f0b1c/4f6a9e34-6366-437e-a497-3e670b381bd1_rwc_148x0x1558x1169x32d681.jpg]
[cdn.myportfolio.com/924c4a71-7adc-42df-a245-31bd215f0b1c/6a51ef20-ef61-4eac-abf3-063155110381_rwc_0x977x1920x1440x32e770.jpg]
[cdn.myportfolio.com/924c4a71-7adc-42df-a245-31bd215f0b1c/00e132ce-b5ea-455b-9e7b-ea5a70a285d2_rwc_0x0x1920x1440x324abd.png]
[cdn.myportfolio.com/924c4a71-7adc-42df-a245-31bd215f0b1c/f9262cde-2e72-46d2-a282-e46acba7b37a_rwc_423x142x1083x812x325ba2.png]
[cdn.myportfolio.com/924c4a71-7adc-42df-a245-31bd215f0b1c/e2c2207e-9ecd-4e58-a548-92ad7c9c851f_rwc_194x66x1043x782x32a820.jpg]
[cdn.myportfolio.com/924c4a71-7adc-42df-a245-31bd215f0b1c/8f108d18-955a-4c6e-a7d4-fb2bad70b0f3_rwc_0x0x1599x1200x3212f9.jpg]
[cdn.myportfolio.com/924c4a71-7adc-42df-a245-31bd215f0b1c/af98ca9a-ccad-4c09-b261-99281ed68b4a_rwc_181x0x2666x2000x3247f0.png]
[cdn.myportfolio.com/924c4a71-7adc-42df-a245-31bd215f0b1c/2aa52472-e6f6-41a2-9d94-eaf3e1776cef_rwc_650x81x856x642x32168c.jpg]
[cdn.myportfolio.com/924c4a71-7adc-42df-a245-31bd215f0b1c/1d69e839-9d25-46ad-a9e6-990b2dde6ea9_carw_4x3x3215f2.png]
[cdn.myportfolio.com/924c4a71-7adc-42df-a245-31bd215f0b1c/53a384bd-fd82-483b-8f8c-418a96c38220_rwc_909x0x2106x1580x328d96.png]
[mohdsarfaraz.myportfolio.com/site/translations8c0c]
[mohdsarfaraz.myportfolio.com/dist/js/main8c0c.js]
[mohdsarfaraz.myportfolio.com/index.html]
[mohdsarfaraz.myportfolio.com/dist/css/main.css]
[cdn.myportfolio.com/924c4a71-7adc-42df-a245-31bd215f0b1c/e59caedcc7c9f75f50667456668d61e8166172694968e4.css]
[mohdsarfaraz.myportfolio.com/work.html]
[cdn.myportfolio.com/924c4a71-7adc-42df-a245-31bd215f0b1c/4b459177-a3c4-4997-92ef-d91b0aca0564c9e6.png]
[cdn.myportfolio.com/924c4a71-7adc-42df-a245-31bd215f0b1c/4b459177-a3c4-4997-92ef-d91b0aca0564_rw_192067be.png]
[cdn.myportfolio.com/924c4a71-7adc-42df-a245-31bd215f0b1c/cbf542a5-1679-4ead-b651-aca98f70e87351e1.png]
[mohdsarfaraz.myportfolio.com/about.html]
[cdn.myportfolio.com/924c4a71-7adc-42df-a245-31bd215f0b1c/cbf542a5-1679-4ead-b651-aca98f70e873_rw_19209470.png]
[mohdsarfaraz.myportfolio.com/contact.html]
[cdn.myportfolio.com/924c4a71-7adc-42df-a245-31bd215f0b1c/245d336f-2469-4856-b5ca-dbc5a818d1bee029.png]
[cdn.myportfolio.com/924c4a71-7adc-42df-a245-31bd215f0b1c/245d336f-2469-4856-b5ca-dbc5a818d1be_rw_19204b81.png]
[cdn.myportfolio.com/924c4a71-7adc-42df-a245-31bd215f0b1c/ddff375e-00b0-41fc-be67-84cf5f174d473a12.png]
[cdn.myportfolio.com/924c4a71-7adc-42df-a245-31bd215f0b1c/ddff375e-00b0-41fc-be67-84cf5f174d47_rw_19201c97.png]
[cdn.myportfolio.com/924c4a71-7adc-42df-a245-31bd215f0b1c/bd98bb46-2e09-4b52-b0f8-bfe453f401e3edb1.png]
[cdn.myportfolio.com/924c4a71-7adc-42df-a245-31bd215f0b1c/bd98bb46-2e09-4b52-b0f8-bfe453f401e3_rw_19206a80.png]
[cdn.myportfolio.com/924c4a71-7adc-42df-a245-31bd215f0b1c/1d69e839-9d25-46ad-a9e6-990b2dde6ea9_car_4x365e7.png]
[cdn.myportfolio.com/924c4a71-7adc-42df-a245-31bd215f0b1c/af98ca9a-ccad-4c09-b261-99281ed68b4a_rwc_181x0x2666x2000x26669213.png]
[cdn.myportfolio.com/924c4a71-7adc-42df-a245-31bd215f0b1c/e947f67c-956a-433b-beb3-cf474801813b_rwc_220x0x1466x1100x14660b88.jpg]
[cdn.myportfolio.com/924c4a71-7adc-42df-a245-31bd215f0b1c/6a51ef20-ef61-4eac-abf3-063155110381_rwc_0x977x1920x1440x1920615c.jpg]
[cdn.myportfolio.com/924c4a71-7adc-42df-a245-31bd215f0b1c/4f6a9e34-6366-437e-a497-3e670b381bd1_rwc_148x0x1558x1169x1558a251.jpg]
[cdn.myportfolio.com/924c4a71-7adc-42df-a245-31bd215f0b1c/2060bad3-9945-404d-bac0-cf1b55e1fab4_rwc_0x0x1920x1440x192073bf.jpg]
[cdn.myportfolio.com/924c4a71-7adc-42df-a245-31bd215f0b1c/2aa52472-e6f6-41a2-9d94-eaf3e1776cef_rwc_650x81x856x642x856ceb1.jpg]
[cdn.myportfolio.com/924c4a71-7adc-42df-a245-31bd215f0b1c/f9262cde-2e72-46d2-a282-e46acba7b37a_rwc_423x142x1083x812x10830dc0.png]
[cdn.myportfolio.com/924c4a71-7adc-42df-a245-31bd215f0b1c/8f108d18-955a-4c6e-a7d4-fb2bad70b0f3_rwc_0x0x1599x1200x15990cca.jpg]
[cdn.myportfolio.com/924c4a71-7adc-42df-a245-31bd215f0b1c/53a384bd-fd82-483b-8f8c-418a96c38220_rwc_909x0x2106x1580x2106a8ff.png]
[mohdsarfaraz.myportfolio.com/kamel-ecommerceclothing-app.html]
[cdn.myportfolio.com/924c4a71-7adc-42df-a245-31bd215f0b1c/c0b8712e-8aee-4bc4-8601-f064e9ac2f54d258.png]
[use.typekit.net/ik/Kejd2GKDQ0QrcoNdGCqqA8GaunxGGotnD2Bb6P15uIqfeCXgfHYEBsJzwD9oFDIDWDZ8F29DjRM3Fc4RFQi8ZQFcZQqhjhZKwAmqwQjtZRIkFA9kwQiy52q-mkG0dW83da4XZcNC-Av0jhNlOfG0SY4zwKuh-AmaOcuoSeNkieZzde8zOcFzdPUlpWgzS1scdhUTdkoRdhXC-2]
[cdn.myportfolio.com/924c4a71-7adc-42df-a245-31bd215f0b1c/c0b8712e-8aee-4bc4-8601-f064e9ac2f54_rw_1920d22b.png]
[cdn.myportfolio.com/924c4a71-7adc-42df-a245-31bd215f0b1c/8e69a671-ef8c-49fc-903e-c0a1296e2994d44f.png]
[cdn.myportfolio.com/924c4a71-7adc-42df-a245-31bd215f0b1c/8e69a671-ef8c-49fc-903e-c0a1296e2994_rw_19202696.png]
[cdn.myportfolio.com/924c4a71-7adc-42df-a245-31bd215f0b1c/d4ca2f2f-7734-4c4e-872f-3d8c352dfdf23cea.png]
[cdn.myportfolio.com/924c4a71-7adc-42df-a245-31bd215f0b1c/d4ca2f2f-7734-4c4e-872f-3d8c352dfdf2_rw_192009c9.png]
[cdn.myportfolio.com/924c4a71-7adc-42df-a245-31bd215f0b1c/dce3e72e-466e-4475-b518-cfa75bd92dca_rwc_0x1422x1920x1440x19200e32.jpg]
[cdn.myportfolio.com/924c4a71-7adc-42df-a245-31bd215f0b1c/40633fbc-e5ec-4b2c-b197-2bedb68f7975_rwc_246x0x1466x1100x146601c0.jpg]
[cdn.myportfolio.com/924c4a71-7adc-42df-a245-31bd215f0b1c/e2c2207e-9ecd-4e58-a548-92ad7c9c851f_rwc_194x66x1043x782x1043eaad.jpg]
[cdn.myportfolio.com/924c4a71-7adc-42df-a245-31bd215f0b1c/00e132ce-b5ea-455b-9e7b-ea5a70a285d2_rwc_0x0x1920x1440x1920d9b5.png]
[mohdsarfaraz.myportfolio.com/site/translationsb900]
[mohdsarfaraz.myportfolio.com/dist/js/mainb900.js]
[mohdsarfaraz.myportfolio.com/augmentum-diagnostics-lab-website.html]
[cdn.myportfolio.com/924c4a71-7adc-42df-a245-31bd215f0b1c/64ab529f-9c69-44cd-bfd1-e3477985d6ca_rwc_0x0x1920x1440x1920ed1b.jpg]
[cdn.myportfolio.com/924c4a71-7adc-42df-a245-31bd215f0b1c/99c6f62b-5168-40e4-bd2e-ce88ebf4b0dd_rwc_0x0x1920x1440x1920b077.png]
[mohdsarfaraz.myportfolio.com/quiz-question-bank-dashboard.html]
[cdn.myportfolio.com/924c4a71-7adc-42df-a245-31bd215f0b1c/44fc49c8-3479-4af3-a36d-6c3eb994e740c2e2.jpg]
[cdn.myportfolio.com/924c4a71-7adc-42df-a245-31bd215f0b1c/44fc49c8-3479-4af3-a36d-6c3eb994e740_rw_192006dd.jpg]
[cdn.myportfolio.com/924c4a71-7adc-42df-a245-31bd215f0b1c/61126baf-cae4-4866-b8a7-af31bb4dcca3_rwc_205x0x1558x1169x15588bee.png]
[mohdsarfaraz.myportfolio.com/uno-nft-marketplace-app.html]
[cdn.myportfolio.com/924c4a71-7adc-42df-a245-31bd215f0b1c/3ad0fe40-97aa-4e96-ae21-799ca9a2e45eeaf9.jpg]
[mohdsarfaraz.myportfolio.com/mymo-website.html]
[cdn.myportfolio.com/924c4a71-7adc-42df-a245-31bd215f0b1c/3ad0fe40-97aa-4e96-ae21-799ca9a2e45e_rw_19200e39.jpg]
[cdn.myportfolio.com/924c4a71-7adc-42df-a245-31bd215f0b1c/c7e7158c-37df-44de-aaaf-52d975b8c049613e.jpg]
[cdn.myportfolio.com/924c4a71-7adc-42df-a245-31bd215f0b1c/c7e7158c-37df-44de-aaaf-52d975b8c049_rw_192036b0.jpg]
[mohdsarfaraz.myportfolio.com/marshall-white-real-estate-website.html]
[cdn.myportfolio.com/924c4a71-7adc-42df-a245-31bd215f0b1c/e03e2b45-ea84-4293-8b30-514a5d592a5444ef.jpg]
[cdn.myportfolio.com/924c4a71-7adc-42df-a245-31bd215f0b1c/e03e2b45-ea84-4293-8b30-514a5d592a54_rw_19203062.jpg]
[cdn.myportfolio.com/924c4a71-7adc-42df-a245-31bd215f0b1c/0cb5c532-304b-415d-a79c-7089e07d92af24a7.jpg]
[cdn.myportfolio.com/924c4a71-7adc-42df-a245-31bd215f0b1c/0cb5c532-304b-415d-a79c-7089e07d92af_rw_192012dc.jpg]
[mohdsarfaraz.myportfolio.com/aircel-app.html]
[cdn.myportfolio.com/924c4a71-7adc-42df-a245-31bd215f0b1c/00ba22c6-c23e-4630-8afa-85e6b9108add5ad0.jpg]
[cdn.myportfolio.com/924c4a71-7adc-42df-a245-31bd215f0b1c/00ba22c6-c23e-4630-8afa-85e6b9108add_rw_192018d8.jpg]
[cdn.myportfolio.com/924c4a71-7adc-42df-a245-31bd215f0b1c/f17aa632-a963-4e49-88ab-d08a33aa605f642e.jpg]
[cdn.myportfolio.com/924c4a71-7adc-42df-a245-31bd215f0b1c/f17aa632-a963-4e49-88ab-d08a33aa605f_rw_19208c41.jpg]
[cdn.myportfolio.com/924c4a71-7adc-42df-a245-31bd215f0b1c/417630dc-e807-4730-b11c-29f34ab5d21c050e.jpg]
[cdn.myportfolio.com/924c4a71-7adc-42df-a245-31bd215f0b1c/417630dc-e807-4730-b11c-29f34ab5d21c_rw_1920235d.jpg]
[mohdsarfaraz.myportfolio.com/francesca-evangelista.html]
[cdn.myportfolio.com/924c4a71-7adc-42df-a245-31bd215f0b1c/37946843-5929-446f-9879-295d31a3f8b12a22.jpg]
[cdn.myportfolio.com/924c4a71-7adc-42df-a245-31bd215f0b1c/37946843-5929-446f-9879-295d31a3f8b1_rw_19203e34.jpg]
[cdn.myportfolio.com/924c4a71-7adc-42df-a245-31bd215f0b1c/112461f0-e5a9-4234-b5bf-431b6eff707da28c.jpg]
[cdn.myportfolio.com/924c4a71-7adc-42df-a245-31bd215f0b1c/112461f0-e5a9-4234-b5bf-431b6eff707d_rw_1920cea8.jpg]
[cdn.myportfolio.com/924c4a71-7adc-42df-a245-31bd215f0b1c/fbfc88dd-7357-4626-8e70-fe0ef405b8bdd343.jpg]
[mohdsarfaraz.myportfolio.com/konica-minolta.html]
[cdn.myportfolio.com/924c4a71-7adc-42df-a245-31bd215f0b1c/fbfc88dd-7357-4626-8e70-fe0ef405b8bd_rw_192040df.jpg]
[cdn.myportfolio.com/924c4a71-7adc-42df-a245-31bd215f0b1c/3d2ed3db-c2cb-42e0-a40d-de48d7900037969a.jpg]
[cdn.myportfolio.com/924c4a71-7adc-42df-a245-31bd215f0b1c/3d2ed3db-c2cb-42e0-a40d-de48d7900037_rw_1920edd4.jpg]
[mohdsarfaraz.myportfolio.com/doc-you-lock.html]
[cdn.myportfolio.com/924c4a71-7adc-42df-a245-31bd215f0b1c/e53d7903-fe9d-4df3-9b37-60586fab61ea042c.png]
[cdn.myportfolio.com/924c4a71-7adc-42df-a245-31bd215f0b1c/e53d7903-fe9d-4df3-9b37-60586fab61ea_rw_1920cc1f.png]
[cdn.myportfolio.com/924c4a71-7adc-42df-a245-31bd215f0b1c/155e0f90-407b-4813-8d8d-1d98fe7777f95fe6.png]
[cdn.myportfolio.com/924c4a71-7adc-42df-a245-31bd215f0b1c/155e0f90-407b-4813-8d8d-1d98fe7777f9_rw_1920f3ab.png]
[mohdsarfaraz.myportfolio.com/kamel-branding.html]
[cdn.myportfolio.com/924c4a71-7adc-42df-a245-31bd215f0b1c/f1614511-470d-494d-9790-00ae0ab65abb2471.jpg]
[cdn.myportfolio.com/924c4a71-7adc-42df-a245-31bd215f0b1c/f1614511-470d-494d-9790-00ae0ab65abb_rw_19209432.jpg]
[mohdsarfaraz.myportfolio.com/blemark-web-app.html]
[mohdsarfaraz.myportfolio.com/qunami-quiz-app.html]
[cdn.myportfolio.com/924c4a71-7adc-42df-a245-31bd215f0b1c/3757655f-fcfb-483a-9a95-7618875a3caac002.png]
[cdn.myportfolio.com/924c4a71-7adc-42df-a245-31bd215f0b1c/3757655f-fcfb-483a-9a95-7618875a3caa_rw_1920dbe3.png]
[cdn.myportfolio.com/924c4a71-7adc-42df-a245-31bd215f0b1c/08540f4f-03d8-4e2e-a813-7bd9ee214bcdbdb7.jpg]
[cdn.myportfolio.com/924c4a71-7adc-42df-a245-31bd215f0b1c/08540f4f-03d8-4e2e-a813-7bd9ee214bcd_rw_1920ee27.jpg]
[cdn.myportfolio.com/924c4a71-7adc-42df-a245-31bd215f0b1c/d0f57771-a9b9-41e7-9d5e-88310f0df2b023dd.jpg]
[cdn.myportfolio.com/924c4a71-7adc-42df-a245-31bd215f0b1c/d0f57771-a9b9-41e7-9d5e-88310f0df2b0_rw_19208100.jpg]
[cdn.myportfolio.com/924c4a71-7adc-42df-a245-31bd215f0b1c/6ec17607-409d-4bf1-b48b-077c4c4beaa55a8c.jpg]
[cdn.myportfolio.com/924c4a71-7adc-42df-a245-31bd215f0b1c/6ec17607-409d-4bf1-b48b-077c4c4beaa5_rw_19204176.jpg]
[cdn.myportfolio.com/924c4a71-7adc-42df-a245-31bd215f0b1c/bb5ca76a-b952-4b0e-a854-b0fbf6e51cb6cf05.jpg]
[cdn.myportfolio.com/924c4a71-7adc-42df-a245-31bd215f0b1c/bb5ca76a-b952-4b0e-a854-b0fbf6e51cb6_rw_1920084e.jpg]
[cdn.myportfolio.com/924c4a71-7adc-42df-a245-31bd215f0b1c/c2975d7b-86b1-4f92-bde8-7da620a437a783eb.jpg]
[cdn.myportfolio.com/924c4a71-7adc-42df-a245-31bd215f0b1c/c2975d7b-86b1-4f92-bde8-7da620a437a7_rw_1920e241.jpg]
[cdn.myportfolio.com/924c4a71-7adc-42df-a245-31bd215f0b1c/6956e466-2ced-4cc9-90f3-42c78bc89730bdb6.jpg]
[cdn.myportfolio.com/924c4a71-7adc-42df-a245-31bd215f0b1c/6956e466-2ced-4cc9-90f3-42c78bc89730_rw_19206254.jpg]
[cdn.myportfolio.com/924c4a71-7adc-42df-a245-31bd215f0b1c/36c76b8a-b459-43d6-a323-1b0f362b3d0823cc.jpg]
[cdn.myportfolio.com/924c4a71-7adc-42df-a245-31bd215f0b1c/36c76b8a-b459-43d6-a323-1b0f362b3d08_rw_1920b157.jpg]
[cdn.myportfolio.com/924c4a71-7adc-42df-a245-31bd215f0b1c/bc5e076e-27a8-4f3e-84e0-ca7ecdf4ee8ea421.jpg]
[cdn.myportfolio.com/924c4a71-7adc-42df-a245-31bd215f0b1c/bc5e076e-27a8-4f3e-84e0-ca7ecdf4ee8e_rw_19201f4e.jpg]
[cdn.myportfolio.com/924c4a71-7adc-42df-a245-31bd215f0b1c/9f6270c0-7b03-423f-9713-8f9c9c95e286b896.jpg]
[cdn.myportfolio.com/924c4a71-7adc-42df-a245-31bd215f0b1c/9f6270c0-7b03-423f-9713-8f9c9c95e286_rw_1920074f.jpg]
[cdn.myportfolio.com/924c4a71-7adc-42df-a245-31bd215f0b1c/d99f8ed7-696b-4725-8926-e49c84465ee7b2a0.jpg]
[cdn.myportfolio.com/924c4a71-7adc-42df-a245-31bd215f0b1c/d99f8ed7-696b-4725-8926-e49c84465ee7_rw_1920d727.jpg]
[mohdsarfaraz.myportfolio.com/posters.html]
[cdn.myportfolio.com/924c4a71-7adc-42df-a245-31bd215f0b1c/c76cf82e-b0c9-48c4-96df-00079062dbd27eb8.jpg]
[cdn.myportfolio.com/924c4a71-7adc-42df-a245-31bd215f0b1c/c76cf82e-b0c9-48c4-96df-00079062dbd2_rw_19200491.jpg]
[cdn.myportfolio.com/924c4a71-7adc-42df-a245-31bd215f0b1c/44716e28-5b72-4d39-8a8f-c5068d09a282432e.jpg]
[cdn.myportfolio.com/924c4a71-7adc-42df-a245-31bd215f0b1c/44716e28-5b72-4d39-8a8f-c5068d09a282_rw_192054d8.jpg]
[mohdsarfaraz.myportfolio.com/logos-volume-1.html]
[cdn.myportfolio.com/924c4a71-7adc-42df-a245-31bd215f0b1c/690ac85c-b8ca-440b-aebc-04ad88cab8462777.png]
[cdn.myportfolio.com/924c4a71-7adc-42df-a245-31bd215f0b1c/690ac85c-b8ca-440b-aebc-04ad88cab846_rw_1920f3b7.png]
[mohdsarfaraz.myportfolio.com/genquiz-branding.html]
[cdn.myportfolio.com/924c4a71-7adc-42df-a245-31bd215f0b1c/c80d437f-eb98-424a-8086-3e04dbc5189967d4.png]
[cdn.myportfolio.com/924c4a71-7adc-42df-a245-31bd215f0b1c/c80d437f-eb98-424a-8086-3e04dbc51899_rw_38408751.png]
[mohdsarfaraz.myportfolio.com/cta-button-variations.html]
[cdn.myportfolio.com/924c4a71-7adc-42df-a245-31bd215f0b1c/bf460eaf164f628437a74f39ebb6e681166172694928ac.css]
[cdn.myportfolio.com/924c4a71-7adc-42df-a245-31bd215f0b1c/e78a44a2d6d46eeba9260971f90b08d716617269494aa1.css]
[cdn.myportfolio.com/924c4a71-7adc-42df-a245-31bd215f0b1c/6499db621902bfff9c97b26c007a6fd71661726949b073.css]
[cdn.myportfolio.com/924c4a71-7adc-42df-a245-31bd215f0b1c/8b516dfb06b77bf9e75b64d23371394f1661726949b2a4.css]
[cdn.myportfolio.com/924c4a71-7adc-42df-a245-31bd215f0b1c/460fa761108f986b8a83fd1656b4b9341661726949a6ce.css]
[cdn.myportfolio.com/924c4a71-7adc-42df-a245-31bd215f0b1c/efb9c18308d22fa74e610f55726f4c4d1661726949e5e3.css]
[cdn.myportfolio.com/924c4a71-7adc-42df-a245-31bd215f0b1c/9431dda981b9149a559440db03ee4c7516617269490b9f.css]
[cdn.myportfolio.com/924c4a71-7adc-42df-a245-31bd215f0b1c/eb0fe52089f92ab030d0ee6163c622fa1661726949fbff.css]
[cdn.myportfolio.com/924c4a71-7adc-42df-a245-31bd215f0b1c/4a0a97b862243d1b9e2c032bd723cdae166172694923c8.css]
[cdn.myportfolio.com/924c4a71-7adc-42df-a245-31bd215f0b1c/04e7887f80708f368333f3c79a3b9ae516617269495961.css]
